Build started 7/16/2015 1:38:51 PM.
     1>Project "C:\work\3p-llceflib\cef_2357_WIN_32\build\cefsimple\cefsimple.vcxproj" on node 3 (Rebuild target(s)).
     1>CustomBuild:
         Building Custom Rule C:/work/3p-llceflib/cef_2357_WIN_32/cefsimple/CMakeLists.txt
         CMake does not need to re-run because C:\work\3p-llceflib\cef_2357_WIN_32\build\cefsimple\CMakeFiles\generate.stamp is up-to-date.
       ClCompile:
         C:\Program Files (x86)\Microsoft Visual Studio 12.0\VC\bin\CL.exe /c /I"C:\work\3p-llceflib\cef_2357_WIN_32" /Zi /nologo /W4 /WX /MP /O2 /Ob2 /Oy- /D NDEBUG /D _NDEBUG /D __STDC_CONSTANT_MACROS /D __STDC_FORMAT_MACROS /D WIN32 /D _WIN32 /D _WINDOWS /D UNICODE /D _UNICODE /D WINVER=0x0602 /D _WIN32_WINNT=0x602 /D NOMINMAX /D WIN32_LEAN_AND_MEAN /D _HAS_EXCEPTIONS=0 /D PSAPI_VERSION=1 /D CEF_USE_SANDBOX /D CEF_USE_ATL /D "CMAKE_INTDIR=\"Release\"" /D _UNICODE /D UNICODE /GF /Gm- /MT /GS /Gy /fp:precise /Zc:wchar_t /Zc:forScope /GR- /Fo"cefsimple.dir\Release\\" /Fd"cefsimple.dir\Release\vc120.pdb" /Gd /TP /wd4100 /wd4127 /wd4244 /wd4512 /wd4701 /wd4702 /wd4996 /analyze- /errorReport:prompt "C:\work\3p-llceflib\cef_2357_WIN_32\cefsimple\simple_app.cc" "C:\work\3p-llceflib\cef_2357_WIN_32\cefsimple\simple_handler.cc" "C:\work\3p-llceflib\cef_2357_WIN_32\cefsimple\cefsimple_win.cc" "C:\work\3p-llceflib\cef_2357_WIN_32\cefsimple\simple_handler_win.cc"
         simple_app.cc
         simple_handler.cc
         cefsimple_win.cc
         simple_handler_win.cc
       ResourceCompile:
         C:\Program Files (x86)\Windows Kits\8.1\bin\x86\rc.exe /D NDEBUG /D _NDEBUG /D __STDC_CONSTANT_MACROS /D __STDC_FORMAT_MACROS /D WIN32 /D _WIN32 /D _WINDOWS /D UNICODE /D _UNICODE /D WINVER=0x0602 /D _WIN32_WINNT=0x602 /D NOMINMAX /D WIN32_LEAN_AND_MEAN /D _HAS_EXCEPTIONS=0 /D PSAPI_VERSION=1 /D CEF_USE_SANDBOX /D CEF_USE_ATL /D "CMAKE_INTDIR=\\\"Release\\\"" /D _UNICODE /D UNICODE /l"0x0409" /I"C:\work\3p-llceflib\cef_2357_WIN_32" /nologo /fo"cefsimple.dir\Release\cefsimple.res" C:\work\3p-llceflib\cef_2357_WIN_32\cefsimple\cefsimple.rc 
       Link:
         C:\Program Files (x86)\Microsoft Visual Studio 12.0\VC\bin\link.exe /ERRORREPORT:PROMPT /OUT:"C:\work\3p-llceflib\cef_2357_WIN_32\build\cefsimple\Release\cefsimple.exe" /INCREMENTAL /NOLOGO kernel32.lib user32.lib gdi32.lib winspool.lib shell32.lib ole32.lib oleaut32.lib uuid.lib comdlg32.lib advapi32.lib ..\..\Release\libcef.lib ..\libcef_dll\Release\libcef_dll_wrapper.lib comctl32.lib rpcrt4.lib shlwapi.lib ..\..\Release\cef_sandbox.lib dbghelp.lib psapi.lib /MANIFEST:NO /PDB:"C:/work/3p-llceflib/cef_2357_WIN_32/build/cefsimple/Release/cefsimple.pdb" /SUBSYSTEM:WINDOWS /TLBID:1 /DYNAMICBASE /NXCOMPAT /IMPLIB:"C:/work/3p-llceflib/cef_2357_WIN_32/build/cefsimple/Release/cefsimple.lib" /MACHINE:X86 /SAFESEH cefsimple.dir\Release\cefsimple.res
         cefsimple.dir\Release\simple_app.obj
         cefsimple.dir\Release\simple_handler.obj
         cefsimple.dir\Release\cefsimple_win.obj
         cefsimple.dir\Release\simple_handler_win.obj
     1>libcef_dll_wrapper.lib(command_line_ctocpp.obj) : error LNK2038: mismatch detected for 'RuntimeLibrary': value 'MD_DynamicRelease' doesn't match value 'MT_StaticRelease' in simple_app.obj
     1>libcef_dll_wrapper.lib(browser_host_ctocpp.obj) : error LNK2038: mismatch detected for 'RuntimeLibrary': value 'MD_DynamicRelease' doesn't match value 'MT_StaticRelease' in simple_app.obj
     1>libcef_dll_wrapper.lib(cef_ref_counted.obj) : error LNK2038: mismatch detected for 'RuntimeLibrary': value 'MD_DynamicRelease' doesn't match value 'MT_StaticRelease' in simple_app.obj
     1>libcef_dll_wrapper.lib(cef_callback_internal.obj) : error LNK2038: mismatch detected for 'RuntimeLibrary': value 'MD_DynamicRelease' doesn't match value 'MT_StaticRelease' in simple_app.obj
     1>libcef_dll_wrapper.lib(cef_logging.obj) : error LNK2038: mismatch detected for 'RuntimeLibrary': value 'MD_DynamicRelease' doesn't match value 'MT_StaticRelease' in simple_app.obj
     1>libcef_dll_wrapper.lib(libcef_dll_wrapper.obj) : error LNK2038: mismatch detected for 'RuntimeLibrary': value 'MD_DynamicRelease' doesn't match value 'MT_StaticRelease' in simple_app.obj
     1>libcef_dll_wrapper.lib(cef_closure_task.obj) : error LNK2038: mismatch detected for 'RuntimeLibrary': value 'MD_DynamicRelease' doesn't match value 'MT_StaticRelease' in simple_app.obj
     1>libcef_dll_wrapper.lib(transfer_util.obj) : error LNK2038: mismatch detected for 'RuntimeLibrary': value 'MD_DynamicRelease' doesn't match value 'MT_StaticRelease' in simple_app.obj
     1>libcef_dll_wrapper.lib(client_cpptoc.obj) : error LNK2038: mismatch detected for 'RuntimeLibrary': value 'MD_DynamicRelease' doesn't match value 'MT_StaticRelease' in simple_app.obj
     1>libcef_dll_wrapper.lib(navigation_entry_visitor_cpptoc.obj) : error LNK2038: mismatch detected for 'RuntimeLibrary': value 'MD_DynamicRelease' doesn't match value 'MT_StaticRelease' in simple_app.obj
     1>libcef_dll_wrapper.lib(run_file_dialog_callback_cpptoc.obj) : error LNK2038: mismatch detected for 'RuntimeLibrary': value 'MD_DynamicRelease' doesn't match value 'MT_StaticRelease' in simple_app.obj
     1>libcef_dll_wrapper.lib(browser_ctocpp.obj) : error LNK2038: mismatch detected for 'RuntimeLibrary': value 'MD_DynamicRelease' doesn't match value 'MT_StaticRelease' in simple_app.obj
     1>libcef_dll_wrapper.lib(request_context_ctocpp.obj) : error LNK2038: mismatch detected for 'RuntimeLibrary': value 'MD_DynamicRelease' doesn't match value 'MT_StaticRelease' in simple_app.obj
     1>libcef_dll_wrapper.lib(app_cpptoc.obj) : error LNK2038: mismatch detected for 'RuntimeLibrary': value 'MD_DynamicRelease' doesn't match value 'MT_StaticRelease' in simple_app.obj
     1>libcef_dll_wrapper.lib(completion_callback_cpptoc.obj) : error LNK2038: mismatch detected for 'RuntimeLibrary': value 'MD_DynamicRelease' doesn't match value 'MT_StaticRelease' in simple_app.obj
     1>libcef_dll_wrapper.lib(end_tracing_callback_cpptoc.obj) : error LNK2038: mismatch detected for 'RuntimeLibrary': value 'MD_DynamicRelease' doesn't match value 'MT_StaticRelease' in simple_app.obj
     1>libcef_dll_wrapper.lib(get_geolocation_callback_cpptoc.obj) : error LNK2038: mismatch detected for 'RuntimeLibrary': value 'MD_DynamicRelease' doesn't match value 'MT_StaticRelease' in simple_app.obj
     1>libcef_dll_wrapper.lib(scheme_handler_factory_cpptoc.obj) : error LNK2038: mismatch detected for 'RuntimeLibrary': value 'MD_DynamicRelease' doesn't match value 'MT_StaticRelease' in simple_app.obj
     1>libcef_dll_wrapper.lib(task_cpptoc.obj) : error LNK2038: mismatch detected for 'RuntimeLibrary': value 'MD_DynamicRelease' doesn't match value 'MT_StaticRelease' in simple_app.obj
     1>libcef_dll_wrapper.lib(v8handler_cpptoc.obj) : error LNK2038: mismatch detected for 'RuntimeLibrary': value 'MD_DynamicRelease' doesn't match value 'MT_StaticRelease' in simple_app.obj
     1>libcef_dll_wrapper.lib(web_plugin_info_visitor_cpptoc.obj) : error LNK2038: mismatch detected for 'RuntimeLibrary': value 'MD_DynamicRelease' doesn't match value 'MT_StaticRelease' in simple_app.obj
     1>libcef_dll_wrapper.lib(web_plugin_unstable_callback_cpptoc.obj) : error LNK2038: mismatch detected for 'RuntimeLibrary': value 'MD_DynamicRelease' doesn't match value 'MT_StaticRelease' in simple_app.obj
     1>libcef_dll_wrapper.lib(binary_value_ctocpp.obj) : error LNK2038: mismatch detected for 'RuntimeLibrary': value 'MD_DynamicRelease' doesn't match value 'MT_StaticRelease' in simple_app.obj
     1>libcef_dll_wrapper.lib(value_ctocpp.obj) : error LNK2038: mismatch detected for 'RuntimeLibrary': value 'MD_DynamicRelease' doesn't match value 'MT_StaticRelease' in simple_app.obj
     1>libcef_dll_wrapper.lib(context_menu_handler_cpptoc.obj) : error LNK2038: mismatch detected for 'RuntimeLibrary': value 'MD_DynamicRelease' doesn't match value 'MT_StaticRelease' in simple_app.obj
     1>libcef_dll_wrapper.lib(dialog_handler_cpptoc.obj) : error LNK2038: mismatch detected for 'RuntimeLibrary': value 'MD_DynamicRelease' doesn't match value 'MT_StaticRelease' in simple_app.obj
     1>libcef_dll_wrapper.lib(display_handler_cpptoc.obj) : error LNK2038: mismatch detected for 'RuntimeLibrary': value 'MD_DynamicRelease' doesn't match value 'MT_StaticRelease' in simple_app.obj
     1>libcef_dll_wrapper.lib(download_handler_cpptoc.obj) : error LNK2038: mismatch detected for 'RuntimeLibrary': value 'MD_DynamicRelease' doesn't match value 'MT_StaticRelease' in simple_app.obj
     1>libcef_dll_wrapper.lib(drag_handler_cpptoc.obj) : error LNK2038: mismatch detected for 'RuntimeLibrary': value 'MD_DynamicRelease' doesn't match value 'MT_StaticRelease' in simple_app.obj
     1>libcef_dll_wrapper.lib(find_handler_cpptoc.obj) : error LNK2038: mismatch detected for 'RuntimeLibrary': value 'MD_DynamicRelease' doesn't match value 'MT_StaticRelease' in simple_app.obj
     1>libcef_dll_wrapper.lib(focus_handler_cpptoc.obj) : error LNK2038: mismatch detected for 'RuntimeLibrary': value 'MD_DynamicRelease' doesn't match value 'MT_StaticRelease' in simple_app.obj
     1>libcef_dll_wrapper.lib(geolocation_handler_cpptoc.obj) : error LNK2038: mismatch detected for 'RuntimeLibrary': value 'MD_DynamicRelease' doesn't match value 'MT_StaticRelease' in simple_app.obj
     1>libcef_dll_wrapper.lib(jsdialog_handler_cpptoc.obj) : error LNK2038: mismatch detected for 'RuntimeLibrary': value 'MD_DynamicRelease' doesn't match value 'MT_StaticRelease' in simple_app.obj
     1>libcef_dll_wrapper.lib(keyboard_handler_cpptoc.obj) : error LNK2038: mismatch detected for 'RuntimeLibrary': value 'MD_DynamicRelease' doesn't match value 'MT_StaticRelease' in simple_app.obj
     1>libcef_dll_wrapper.lib(life_span_handler_cpptoc.obj) : error LNK2038: mismatch detected for 'RuntimeLibrary': value 'MD_DynamicRelease' doesn't match value 'MT_StaticRelease' in simple_app.obj
     1>libcef_dll_wrapper.lib(load_handler_cpptoc.obj) : error LNK2038: mismatch detected for 'RuntimeLibrary': value 'MD_DynamicRelease' doesn't match value 'MT_StaticRelease' in simple_app.obj
     1>libcef_dll_wrapper.lib(render_handler_cpptoc.obj) : error LNK2038: mismatch detected for 'RuntimeLibrary': value 'MD_DynamicRelease' doesn't match value 'MT_StaticRelease' in simple_app.obj
     1>libcef_dll_wrapper.lib(request_handler_cpptoc.obj) : error LNK2038: mismatch detected for 'RuntimeLibrary': value 'MD_DynamicRelease' doesn't match value 'MT_StaticRelease' in simple_app.obj
     1>libcef_dll_wrapper.lib(process_message_ctocpp.obj) : error LNK2038: mismatch detected for 'RuntimeLibrary': value 'MD_DynamicRelease' doesn't match value 'MT_StaticRelease' in simple_app.obj
     1>libcef_dll_wrapper.lib(navigation_entry_ctocpp.obj) : error LNK2038: mismatch detected for 'RuntimeLibrary': value 'MD_DynamicRelease' doesn't match value 'MT_StaticRelease' in simple_app.obj
     1>libcef_dll_wrapper.lib(frame_ctocpp.obj) : error LNK2038: mismatch detected for 'RuntimeLibrary': value 'MD_DynamicRelease' doesn't match value 'MT_StaticRelease' in simple_app.obj
     1>libcef_dll_wrapper.lib(request_context_handler_cpptoc.obj) : error LNK2038: mismatch detected for 'RuntimeLibrary': value 'MD_DynamicRelease' doesn't match value 'MT_StaticRelease' in simple_app.obj
     1>libcef_dll_wrapper.lib(cookie_manager_ctocpp.obj) : error LNK2038: mismatch detected for 'RuntimeLibrary': value 'MD_DynamicRelease' doesn't match value 'MT_StaticRelease' in simple_app.obj
     1>libcef_dll_wrapper.lib(browser_process_handler_cpptoc.obj) : error LNK2038: mismatch detected for 'RuntimeLibrary': value 'MD_DynamicRelease' doesn't match value 'MT_StaticRelease' in simple_app.obj
     1>libcef_dll_wrapper.lib(render_process_handler_cpptoc.obj) : error LNK2038: mismatch detected for 'RuntimeLibrary': value 'MD_DynamicRelease' doesn't match value 'MT_StaticRelease' in simple_app.obj
     1>libcef_dll_wrapper.lib(resource_bundle_handler_cpptoc.obj) : error LNK2038: mismatch detected for 'RuntimeLibrary': value 'MD_DynamicRelease' doesn't match value 'MT_StaticRelease' in simple_app.obj
     1>libcef_dll_wrapper.lib(scheme_registrar_ctocpp.obj) : error LNK2038: mismatch detected for 'RuntimeLibrary': value 'MD_DynamicRelease' doesn't match value 'MT_StaticRelease' in simple_app.obj
     1>libcef_dll_wrapper.lib(resource_handler_cpptoc.obj) : error LNK2038: mismatch detected for 'RuntimeLibrary': value 'MD_DynamicRelease' doesn't match value 'MT_StaticRelease' in simple_app.obj
     1>libcef_dll_wrapper.lib(request_ctocpp.obj) : error LNK2038: mismatch detected for 'RuntimeLibrary': value 'MD_DynamicRelease' doesn't match value 'MT_StaticRelease' in simple_app.obj
     1>libcef_dll_wrapper.lib(v8value_ctocpp.obj) : error LNK2038: mismatch detected for 'RuntimeLibrary': value 'MD_DynamicRelease' doesn't match value 'MT_StaticRelease' in simple_app.obj
     1>libcef_dll_wrapper.lib(web_plugin_info_ctocpp.obj) : error LNK2038: mismatch detected for 'RuntimeLibrary': value 'MD_DynamicRelease' doesn't match value 'MT_StaticRelease' in simple_app.obj
     1>libcef_dll_wrapper.lib(dictionary_value_ctocpp.obj) : error LNK2038: mismatch detected for 'RuntimeLibrary': value 'MD_DynamicRelease' doesn't match value 'MT_StaticRelease' in simple_app.obj
     1>libcef_dll_wrapper.lib(list_value_ctocpp.obj) : error LNK2038: mismatch detected for 'RuntimeLibrary': value 'MD_DynamicRelease' doesn't match value 'MT_StaticRelease' in simple_app.obj
     1>libcef_dll_wrapper.lib(context_menu_params_ctocpp.obj) : error LNK2038: mismatch detected for 'RuntimeLibrary': value 'MD_DynamicRelease' doesn't match value 'MT_StaticRelease' in simple_app.obj
     1>libcef_dll_wrapper.lib(menu_model_ctocpp.obj) : error LNK2038: mismatch detected for 'RuntimeLibrary': value 'MD_DynamicRelease' doesn't match value 'MT_StaticRelease' in simple_app.obj
     1>libcef_dll_wrapper.lib(file_dialog_callback_ctocpp.obj) : error LNK2038: mismatch detected for 'RuntimeLibrary': value 'MD_DynamicRelease' doesn't match value 'MT_StaticRelease' in simple_app.obj
     1>libcef_dll_wrapper.lib(before_download_callback_ctocpp.obj) : error LNK2038: mismatch detected for 'RuntimeLibrary': value 'MD_DynamicRelease' doesn't match value 'MT_StaticRelease' in simple_app.obj
     1>libcef_dll_wrapper.lib(download_item_ctocpp.obj) : error LNK2038: mismatch detected for 'RuntimeLibrary': value 'MD_DynamicRelease' doesn't match value 'MT_StaticRelease' in simple_app.obj
     1>libcef_dll_wrapper.lib(download_item_callback_ctocpp.obj) : error LNK2038: mismatch detected for 'RuntimeLibrary': value 'MD_DynamicRelease' doesn't match value 'MT_StaticRelease' in simple_app.obj
     1>libcef_dll_wrapper.lib(drag_data_ctocpp.obj) : error LNK2038: mismatch detected for 'RuntimeLibrary': value 'MD_DynamicRelease' doesn't match value 'MT_StaticRelease' in simple_app.obj
     1>libcef_dll_wrapper.lib(geolocation_callback_ctocpp.obj) : error LNK2038: mismatch detected for 'RuntimeLibrary': value 'MD_DynamicRelease' doesn't match value 'MT_StaticRelease' in simple_app.obj
     1>libcef_dll_wrapper.lib(jsdialog_callback_ctocpp.obj) : error LNK2038: mismatch detected for 'RuntimeLibrary': value 'MD_DynamicRelease' doesn't match value 'MT_StaticRelease' in simple_app.obj
     1>libcef_dll_wrapper.lib(auth_callback_ctocpp.obj) : error LNK2038: mismatch detected for 'RuntimeLibrary': value 'MD_DynamicRelease' doesn't match value 'MT_StaticRelease' in simple_app.obj
     1>libcef_dll_wrapper.lib(request_callback_ctocpp.obj) : error LNK2038: mismatch detected for 'RuntimeLibrary': value 'MD_DynamicRelease' doesn't match value 'MT_StaticRelease' in simple_app.obj
     1>libcef_dll_wrapper.lib(response_ctocpp.obj) : error LNK2038: mismatch detected for 'RuntimeLibrary': value 'MD_DynamicRelease' doesn't match value 'MT_StaticRelease' in simple_app.obj
     1>libcef_dll_wrapper.lib(sslinfo_ctocpp.obj) : error LNK2038: mismatch detected for 'RuntimeLibrary': value 'MD_DynamicRelease' doesn't match value 'MT_StaticRelease' in simple_app.obj
     1>libcef_dll_wrapper.lib(domvisitor_cpptoc.obj) : error LNK2038: mismatch detected for 'RuntimeLibrary': value 'MD_DynamicRelease' doesn't match value 'MT_StaticRelease' in simple_app.obj
     1>libcef_dll_wrapper.lib(string_visitor_cpptoc.obj) : error LNK2038: mismatch detected for 'RuntimeLibrary': value 'MD_DynamicRelease' doesn't match value 'MT_StaticRelease' in simple_app.obj
     1>libcef_dll_wrapper.lib(v8context_ctocpp.obj) : error LNK2038: mismatch detected for 'RuntimeLibrary': value 'MD_DynamicRelease' doesn't match value 'MT_StaticRelease' in simple_app.obj
     1>libcef_dll_wrapper.lib(cookie_visitor_cpptoc.obj) : error LNK2038: mismatch detected for 'RuntimeLibrary': value 'MD_DynamicRelease' doesn't match value 'MT_StaticRelease' in simple_app.obj
     1>libcef_dll_wrapper.lib(delete_cookies_callback_cpptoc.obj) : error LNK2038: mismatch detected for 'RuntimeLibrary': value 'MD_DynamicRelease' doesn't match value 'MT_StaticRelease' in simple_app.obj
     1>libcef_dll_wrapper.lib(set_cookie_callback_cpptoc.obj) : error LNK2038: mismatch detected for 'RuntimeLibrary': value 'MD_DynamicRelease' doesn't match value 'MT_StaticRelease' in simple_app.obj
     1>libcef_dll_wrapper.lib(print_handler_cpptoc.obj) : error LNK2038: mismatch detected for 'RuntimeLibrary': value 'MD_DynamicRelease' doesn't match value 'MT_StaticRelease' in simple_app.obj
     1>libcef_dll_wrapper.lib(domnode_ctocpp.obj) : error LNK2038: mismatch detected for 'RuntimeLibrary': value 'MD_DynamicRelease' doesn't match value 'MT_StaticRelease' in simple_app.obj
     1>libcef_dll_wrapper.lib(v8exception_ctocpp.obj) : error LNK2038: mismatch detected for 'RuntimeLibrary': value 'MD_DynamicRelease' doesn't match value 'MT_StaticRelease' in simple_app.obj
     1>libcef_dll_wrapper.lib(v8stack_trace_ctocpp.obj) : error LNK2038: mismatch detected for 'RuntimeLibrary': value 'MD_DynamicRelease' doesn't match value 'MT_StaticRelease' in simple_app.obj
     1>libcef_dll_wrapper.lib(callback_ctocpp.obj) : error LNK2038: mismatch detected for 'RuntimeLibrary': value 'MD_DynamicRelease' doesn't match value 'MT_StaticRelease' in simple_app.obj
     1>libcef_dll_wrapper.lib(post_data_ctocpp.obj) : error LNK2038: mismatch detected for 'RuntimeLibrary': value 'MD_DynamicRelease' doesn't match value 'MT_StaticRelease' in simple_app.obj
     1>libcef_dll_wrapper.lib(v8accessor_cpptoc.obj) : error LNK2038: mismatch detected for 'RuntimeLibrary': value 'MD_DynamicRelease' doesn't match value 'MT_StaticRelease' in simple_app.obj
     1>libcef_dll_wrapper.lib(sslcert_principal_ctocpp.obj) : error LNK2038: mismatch detected for 'RuntimeLibrary': value 'MD_DynamicRelease' doesn't match value 'MT_StaticRelease' in simple_app.obj
     1>libcef_dll_wrapper.lib(domdocument_ctocpp.obj) : error LNK2038: mismatch detected for 'RuntimeLibrary': value 'MD_DynamicRelease' doesn't match value 'MT_StaticRelease' in simple_app.obj
     1>libcef_dll_wrapper.lib(task_runner_ctocpp.obj) : error LNK2038: mismatch detected for 'RuntimeLibrary': value 'MD_DynamicRelease' doesn't match value 'MT_StaticRelease' in simple_app.obj
     1>libcef_dll_wrapper.lib(print_dialog_callback_ctocpp.obj) : error LNK2038: mismatch detected for 'RuntimeLibrary': value 'MD_DynamicRelease' doesn't match value 'MT_StaticRelease' in simple_app.obj
     1>libcef_dll_wrapper.lib(print_job_callback_ctocpp.obj) : error LNK2038: mismatch detected for 'RuntimeLibrary': value 'MD_DynamicRelease' doesn't match value 'MT_StaticRelease' in simple_app.obj
     1>libcef_dll_wrapper.lib(print_settings_ctocpp.obj) : error LNK2038: mismatch detected for 'RuntimeLibrary': value 'MD_DynamicRelease' doesn't match value 'MT_StaticRelease' in simple_app.obj
     1>libcef_dll_wrapper.lib(v8stack_frame_ctocpp.obj) : error LNK2038: mismatch detected for 'RuntimeLibrary': value 'MD_DynamicRelease' doesn't match value 'MT_StaticRelease' in simple_app.obj
     1>libcef_dll_wrapper.lib(post_data_element_ctocpp.obj) : error LNK2038: mismatch detected for 'RuntimeLibrary': value 'MD_DynamicRelease' doesn't match value 'MT_StaticRelease' in simple_app.obj
     1>msvcprt.lib(MSVCP120.dll) : error LNK2005: "void __cdecl std::_Xbad_alloc(void)" (?_Xbad_alloc@std@@YAXXZ) already defined in libcpmt.lib(xthrow.obj)
     1>msvcprt.lib(MSVCP120.dll) : error LNK2005: "void __cdecl std::_Xlength_error(char const *)" (?_Xlength_error@std@@YAXPBD@Z) already defined in libcpmt.lib(xthrow.obj)
     1>msvcprt.lib(MSVCP120.dll) : error LNK2005: "void __cdecl std::_Xout_of_range(char const *)" (?_Xout_of_range@std@@YAXPBD@Z) already defined in libcpmt.lib(xthrow.obj)
     1>msvcprt.lib(MSVCP120.dll) : error LNK2005: "char const * __cdecl std::_Syserror_map(int)" (?_Syserror_map@std@@YAPBDH@Z) already defined in libcpmt.lib(syserror.obj)
     1>msvcprt.lib(MSVCP120.dll) : error LNK2005: "char const * __cdecl std::_Winerror_map(int)" (?_Winerror_map@std@@YAPBDH@Z) already defined in libcpmt.lib(syserror.obj)
     1>msvcprt.lib(MSVCP120.dll) : error LNK2005: "public: int __thiscall std::basic_streambuf<char,struct std::char_traits<char> >::sputc(char)" (?sputc@?$basic_streambuf@DU?$char_traits@D@std@@@std@@QAEHD@Z) already defined in simple_app.obj
     1>msvcprt.lib(MSVCP120.dll) : error LNK2005: "public: __int64 __thiscall std::basic_streambuf<char,struct std::char_traits<char> >::sputn(char const *,__int64)" (?sputn@?$basic_streambuf@DU?$char_traits@D@std@@@std@@QAE_JPBD_J@Z) already defined in simple_app.obj
     1>msvcprt.lib(MSVCP120.dll) : error LNK2005: "public: void __thiscall std::basic_ios<char,struct std::char_traits<char> >::setstate(int,bool)" (?setstate@?$basic_ios@DU?$char_traits@D@std@@@std@@QAEXH_N@Z) already defined in simple_app.obj
     1>msvcprt.lib(MSVCP120.dll) : error LNK2005: "public: void __thiscall std::basic_ostream<char,struct std::char_traits<char> >::_Osfx(void)" (?_Osfx@?$basic_ostream@DU?$char_traits@D@std@@@std@@QAEXXZ) already defined in simple_app.obj
     1>msvcprt.lib(MSVCP120.dll) : error LNK2005: "public: class std::basic_ostream<char,struct std::char_traits<char> > & __thiscall std::basic_ostream<char,struct std::char_traits<char> >::flush(void)" (?flush@?$basic_ostream@DU?$char_traits@D@std@@@std@@QAEAAV12@XZ) already defined in simple_app.obj
     1>msvcprt.lib(MSVCP120.dll) : error LNK2005: "private: static void __cdecl std::ios_base::_Ios_base_dtor(class std::ios_base *)" (?_Ios_base_dtor@ios_base@std@@CAXPAV12@@Z) already defined in libcpmt.lib(ios.obj)
     1>msvcprt.lib(MSVCP120.dll) : error LNK2005: "protected: __thiscall std::basic_streambuf<char,struct std::char_traits<char> >::basic_streambuf<char,struct std::char_traits<char> >(void)" (??0?$basic_streambuf@DU?$char_traits@D@std@@@std@@IAE@XZ) already defined in simple_handler.obj
     1>msvcprt.lib(MSVCP120.dll) : error LNK2005: "public: virtual __thiscall std::basic_streambuf<char,struct std::char_traits<char> >::~basic_streambuf<char,struct std::char_traits<char> >(void)" (??1?$basic_streambuf@DU?$char_traits@D@std@@@std@@UAE@XZ) already defined in simple_handler.obj
     1>msvcprt.lib(MSVCP120.dll) : error LNK2005: "protected: char * __thiscall std::basic_streambuf<char,struct std::char_traits<char> >::_Pninc(void)" (?_Pninc@?$basic_streambuf@DU?$char_traits@D@std@@@std@@IAEPADXZ) already defined in simple_app.obj
     1>msvcprt.lib(MSVCP120.dll) : error LNK2005: "public: virtual __thiscall std::basic_ostream<char,struct std::char_traits<char> >::~basic_ostream<char,struct std::char_traits<char> >(void)" (??1?$basic_ostream@DU?$char_traits@D@std@@@std@@UAE@XZ) already defined in simple_handler.obj
     1>msvcprt.lib(MSVCP120.dll) : error LNK2005: "public: class std::basic_ostream<char,struct std::char_traits<char> > & __thiscall std::basic_ostream<char,struct std::char_traits<char> >::operator<<(int)" (??6?$basic_ostream@DU?$char_traits@D@std@@@std@@QAEAAV01@H@Z) already defined in simple_handler.obj
     1>msvcprt.lib(MSVCP120.dll) : error LNK2005: "public: virtual __thiscall std::basic_ios<char,struct std::char_traits<char> >::~basic_ios<char,struct std::char_traits<char> >(void)" (??1?$basic_ios@DU?$char_traits@D@std@@@std@@UAE@XZ) already defined in simple_handler.obj
     1>msvcprt.lib(MSVCP120.dll) : error LNK2005: "public: char __thiscall std::basic_ios<char,struct std::char_traits<char> >::widen(char)const " (?widen@?$basic_ios@DU?$char_traits@D@std@@@std@@QBEDD@Z) already defined in simple_handler.obj
     1>msvcprt.lib(MSVCP120.dll) : error LNK2005: "protected: __thiscall std::basic_ios<char,struct std::char_traits<char> >::basic_ios<char,struct std::char_traits<char> >(void)" (??0?$basic_ios@DU?$char_traits@D@std@@@std@@IAE@XZ) already defined in simple_handler.obj
     1>msvcprt.lib(MSVCP120.dll) : error LNK2005: "public: class std::basic_ostream<char,struct std::char_traits<char> > & __thiscall std::basic_ostream<char,struct std::char_traits<char> >::operator<<(unsigned long)" (??6?$basic_ostream@DU?$char_traits@D@std@@@std@@QAEAAV01@K@Z) already defined in cef_sandbox.lib(base.logging.obj)
     1>msvcprt.lib(MSVCP120.dll) : error LNK2005: "public: class std::basic_ostream<char,struct std::char_traits<char> > & __thiscall std::basic_ostream<char,struct std::char_traits<char> >::put(char)" (?put@?$basic_ostream@DU?$char_traits@D@std@@@std@@QAEAAV12@D@Z) already defined in cef_sandbox.lib(base.logging.obj)
     1>msvcprt.lib(MSVCP120.dll) : error LNK2005: "public: __thiscall std::basic_iostream<char,struct std::char_traits<char> >::basic_iostream<char,struct std::char_traits<char> >(class std::basic_streambuf<char,struct std::char_traits<char> > *)" (??0?$basic_iostream@DU?$char_traits@D@std@@@std@@QAE@PAV?$basic_streambuf@DU?$char_traits@D@std@@@1@@Z) already defined in simple_handler.obj
     1>msvcprt.lib(MSVCP120.dll) : error LNK2005: "public: virtual __thiscall std::basic_iostream<char,struct std::char_traits<char> >::~basic_iostream<char,struct std::char_traits<char> >(void)" (??1?$basic_iostream@DU?$char_traits@D@std@@@std@@UAE@XZ) already defined in simple_handler.obj
     1>MSVCRT.lib(MSVCR120.dll) : error LNK2005: __hypot already defined in LIBCMT.lib(hypot.obj)
     1>MSVCRT.lib(MSVCR120.dll) : error LNK2005: _memmove already defined in LIBCMT.lib(memmove.obj)
     1>MSVCRT.lib(MSVCR120.dll) : error LNK2005: _isspace already defined in LIBCMT.lib(_ctype.obj)
     1>MSVCRT.lib(ti_inst.obj) : error LNK2005: "private: __thiscall type_info::type_info(class type_info const &)" (??0type_info@@AAE@ABV0@@Z) already defined in LIBCMT.lib(typinfo.obj)
     1>MSVCRT.lib(ti_inst.obj) : error LNK2005: "private: class type_info & __thiscall type_info::operator=(class type_info const &)" (??4type_info@@AAEAAV0@ABV0@@Z) already defined in LIBCMT.lib(typinfo.obj)
            Creating library C:/work/3p-llceflib/cef_2357_WIN_32/build/cefsimple/Release/cefsimple.lib and object C:/work/3p-llceflib/cef_2357_WIN_32/build/cefsimple/Release/cefsimple.exp
     1>LINK : warning LNK4098: defaultlib 'MSVCRT' conflicts with use of other libs; use /NODEFAULTLIB:library
     1>C:\work\3p-llceflib\cef_2357_WIN_32\build\cefsimple\Release\cefsimple.exe : fatal error LNK1169: one or more multiply defined symbols found
     1>Done Building Project "C:\work\3p-llceflib\cef_2357_WIN_32\build\cefsimple\cefsimple.vcxproj" (Rebuild target(s)) -- FAILED.

Build FAILED.

Time Elapsed 00:00:05.67
