Build started 7/16/2015 1:38:51 PM.
     1>Project "C:\work\3p-llceflib\cef_2357_WIN_32\build\cefclient\cefclient.vcxproj" on node 2 (Rebuild target(s)).
     1>CustomBuild:
         Building Custom Rule C:/work/3p-llceflib/cef_2357_WIN_32/cefclient/CMakeLists.txt
         CMake does not need to re-run because C:\work\3p-llceflib\cef_2357_WIN_32\build\cefclient\CMakeFiles\generate.stamp is up-to-date.
       ClCompile:
         C:\Program Files (x86)\Microsoft Visual Studio 12.0\VC\bin\CL.exe /c /I"C:\work\3p-llceflib\cef_2357_WIN_32" /Zi /nologo /W4 /WX /MP /O2 /Ob2 /Oy- /D NDEBUG /D _NDEBUG /D __STDC_CONSTANT_MACROS /D __STDC_FORMAT_MACROS /D WIN32 /D _WIN32 /D _WINDOWS /D UNICODE /D _UNICODE /D WINVER=0x0602 /D _WIN32_WINNT=0x602 /D NOMINMAX /D WIN32_LEAN_AND_MEAN /D _HAS_EXCEPTIONS=0 /D PSAPI_VERSION=1 /D CEF_USE_SANDBOX /D CEF_USE_ATL /D "CMAKE_INTDIR=\"Release\"" /D _UNICODE /D UNICODE /GF /Gm- /MT /GS /Gy /fp:precise /Zc:wchar_t /Zc:forScope /GR- /Fo"cefclient.dir\Release\\" /Fd"cefclient.dir\Release\vc120.pdb" /Gd /TP /wd4100 /wd4127 /wd4244 /wd4512 /wd4701 /wd4702 /wd4996 /analyze- /errorReport:prompt "C:\work\3p-llceflib\cef_2357_WIN_32\cefclient\browser\binding_test.cc" "C:\work\3p-llceflib\cef_2357_WIN_32\cefclient\browser\browser_window.cc" "C:\work\3p-llceflib\cef_2357_WIN_32\cefclient\browser\bytes_write_handler.cc" "C:\work\3p-llceflib\cef_2357_WIN_32\cefclient\browser\client_app_browser.cc" "C:\work\3p-llceflib\cef_2357_WIN_32\cefclient\browser\client_app_delegates_browser.cc" "C:\work\3p-llceflib\cef_2357_WIN_32\cefclient\browser\client_handler.cc" "C:\work\3p-llceflib\cef_2357_WIN_32\cefclient\browser\client_handler_osr.cc" "C:\work\3p-llceflib\cef_2357_WIN_32\cefclient\browser\client_handler_std.cc" "C:\work\3p-llceflib\cef_2357_WIN_32\cefclient\browser\dialog_test.cc" "C:\work\3p-llceflib\cef_2357_WIN_32\cefclient\browser\main_context.cc" "C:\work\3p-llceflib\cef_2357_WIN_32\cefclient\browser\main_context_impl.cc" "C:\work\3p-llceflib\cef_2357_WIN_32\cefclient\browser\main_message_loop.cc" "C:\work\3p-llceflib\cef_2357_WIN_32\cefclient\browser\main_message_loop_std.cc" "C:\work\3p-llceflib\cef_2357_WIN_32\cefclient\browser\osr_renderer.cc" "C:\work\3p-llceflib\cef_2357_WIN_32\cefclient\browser\root_window.cc" "C:\work\3p-llceflib\cef_2357_WIN_32\cefclient\browser\root_window_manager.cc" "C:\work\3p-llceflib\cef_2357_WIN_32\cefclient\browser\scheme_test.cc" "C:\work\3p-llceflib\cef_2357_WIN_32\cefclient\browser\test_runner.cc" "C:\work\3p-llceflib\cef_2357_WIN_32\cefclient\browser\urlrequest_test.cc" "C:\work\3p-llceflib\cef_2357_WIN_32\cefclient\browser\window_test.cc" "C:\work\3p-llceflib\cef_2357_WIN_32\cefclient\common\client_app.cc" "C:\work\3p-llceflib\cef_2357_WIN_32\cefclient\common\client_app_delegates_common.cc" "C:\work\3p-llceflib\cef_2357_WIN_32\cefclient\common\client_app_other.cc" "C:\work\3p-llceflib\cef_2357_WIN_32\cefclient\common\client_switches.cc" "C:\work\3p-llceflib\cef_2357_WIN_32\cefclient\common\scheme_test_common.cc" "C:\work\3p-llceflib\cef_2357_WIN_32\cefclient\renderer\client_app_delegates_renderer.cc" "C:\work\3p-llceflib\cef_2357_WIN_32\cefclient\renderer\client_app_renderer.cc" "C:\work\3p-llceflib\cef_2357_WIN_32\cefclient\renderer\client_renderer.cc" "C:\work\3p-llceflib\cef_2357_WIN_32\cefclient\renderer\performance_test.cc" "C:\work\3p-llceflib\cef_2357_WIN_32\cefclient\renderer\performance_test_tests.cc" "C:\work\3p-llceflib\cef_2357_WIN_32\cefclient\cefclient_win.cc" "C:\work\3p-llceflib\cef_2357_WIN_32\cefclient\browser\browser_window_osr_win.cc" "C:\work\3p-llceflib\cef_2357_WIN_32\cefclient\browser\browser_window_std_win.cc" "C:\work\3p-llceflib\cef_2357_WIN_32\cefclient\browser\main_context_impl_win.cc" "C:\work\3p-llceflib\cef_2357_WIN_32\cefclient\browser\main_message_loop_multithreaded_win.cc" "C:\work\3p-llceflib\cef_2357_WIN_32\cefclient\browser\osr_dragdrop_win.cc" "C:\work\3p-llceflib\cef_2357_WIN_32\cefclient\browser\osr_window_win.cc" "C:\work\3p-llceflib\cef_2357_WIN_32\cefclient\browser\resource_util_win.cc" "C:\work\3p-llceflib\cef_2357_WIN_32\cefclient\browser\root_window_win.cc" "C:\work\3p-llceflib\cef_2357_WIN_32\cefclient\browser\temp_window_win.cc" "C:\work\3p-llceflib\cef_2357_WIN_32\cefclient\browser\util_win.cc" "C:\work\3p-llceflib\cef_2357_WIN_32\cefclient\browser\window_test_win.cc"
         binding_test.cc
         browser_window.cc
         bytes_write_handler.cc
         client_app_browser.cc
         client_app_delegates_browser.cc
         client_handler.cc
         client_handler_osr.cc
         client_handler_std.cc
         dialog_test.cc
         main_context.cc
         main_context_impl.cc
         main_message_loop.cc
         main_message_loop_std.cc
         osr_renderer.cc
         root_window.cc
         root_window_manager.cc
         scheme_test.cc
         test_runner.cc
         urlrequest_test.cc
         window_test.cc
         client_app.cc
         client_app_delegates_common.cc
         client_app_other.cc
         client_switches.cc
         scheme_test_common.cc
         client_app_delegates_renderer.cc
         client_app_renderer.cc
         client_renderer.cc
         performance_test.cc
         performance_test_tests.cc
         cefclient_win.cc
         browser_window_osr_win.cc
         browser_window_std_win.cc
         main_context_impl_win.cc
         main_message_loop_multithreaded_win.cc
         osr_dragdrop_win.cc
         osr_window_win.cc
         resource_util_win.cc
         root_window_win.cc
         temp_window_win.cc
         util_win.cc
         window_test_win.cc
       ResourceCompile:
         C:\Program Files (x86)\Windows Kits\8.1\bin\x86\rc.exe /D NDEBUG /D _NDEBUG /D __STDC_CONSTANT_MACROS /D __STDC_FORMAT_MACROS /D WIN32 /D _WIN32 /D _WINDOWS /D UNICODE /D _UNICODE /D WINVER=0x0602 /D _WIN32_WINNT=0x602 /D NOMINMAX /D WIN32_LEAN_AND_MEAN /D _HAS_EXCEPTIONS=0 /D PSAPI_VERSION=1 /D CEF_USE_SANDBOX /D CEF_USE_ATL /D "CMAKE_INTDIR=\\\"Release\\\"" /D _UNICODE /D UNICODE /l"0x0409" /I"C:\work\3p-llceflib\cef_2357_WIN_32" /nologo /fo"cefclient.dir\Release\cefclient.res" C:\work\3p-llceflib\cef_2357_WIN_32\cefclient\resources\win\cefclient.rc 
       Link:
         C:\Program Files (x86)\Microsoft Visual Studio 12.0\VC\bin\link.exe /ERRORREPORT:PROMPT /OUT:"C:\work\3p-llceflib\cef_2357_WIN_32\build\cefclient\Release\cefclient.exe" /INCREMENTAL /NOLOGO kernel32.lib user32.lib gdi32.lib winspool.lib shell32.lib ole32.lib oleaut32.lib uuid.lib comdlg32.lib advapi32.lib ..\..\Release\libcef.lib ..\libcef_dll\Release\libcef_dll_wrapper.lib comctl32.lib rpcrt4.lib shlwapi.lib glu32.lib opengl32.lib ..\..\Release\cef_sandbox.lib dbghelp.lib psapi.lib /MANIFEST:NO /PDB:"C:/work/3p-llceflib/cef_2357_WIN_32/build/cefclient/Release/cefclient.pdb" /SUBSYSTEM:WINDOWS /TLBID:1 /DYNAMICBASE /NXCOMPAT /IMPLIB:"C:/work/3p-llceflib/cef_2357_WIN_32/build/cefclient/Release/cefclient.lib" /MACHINE:X86 /SAFESEH cefclient.dir\Release\cefclient.res
         cefclient.dir\Release\binding_test.obj
         cefclient.dir\Release\browser_window.obj
         cefclient.dir\Release\bytes_write_handler.obj
         cefclient.dir\Release\client_app_browser.obj
         cefclient.dir\Release\client_app_delegates_browser.obj
         cefclient.dir\Release\client_handler.obj
         cefclient.dir\Release\client_handler_osr.obj
         cefclient.dir\Release\client_handler_std.obj
         cefclient.dir\Release\dialog_test.obj
         cefclient.dir\Release\main_context.obj
         cefclient.dir\Release\main_context_impl.obj
         cefclient.dir\Release\main_message_loop.obj
         cefclient.dir\Release\main_message_loop_std.obj
         cefclient.dir\Release\osr_renderer.obj
         cefclient.dir\Release\root_window.obj
         cefclient.dir\Release\root_window_manager.obj
         cefclient.dir\Release\scheme_test.obj
         cefclient.dir\Release\test_runner.obj
         cefclient.dir\Release\urlrequest_test.obj
         cefclient.dir\Release\window_test.obj
         cefclient.dir\Release\client_app.obj
         cefclient.dir\Release\client_app_delegates_common.obj
         cefclient.dir\Release\client_app_other.obj
         cefclient.dir\Release\client_switches.obj
         cefclient.dir\Release\scheme_test_common.obj
         cefclient.dir\Release\client_app_delegates_renderer.obj
         cefclient.dir\Release\client_app_renderer.obj
         cefclient.dir\Release\client_renderer.obj
         cefclient.dir\Release\performance_test.obj
         cefclient.dir\Release\performance_test_tests.obj
         cefclient.dir\Release\cefclient_win.obj
         cefclient.dir\Release\browser_window_osr_win.obj
         cefclient.dir\Release\browser_window_std_win.obj
         cefclient.dir\Release\main_context_impl_win.obj
         cefclient.dir\Release\main_message_loop_multithreaded_win.obj
         cefclient.dir\Release\osr_dragdrop_win.obj
         cefclient.dir\Release\osr_window_win.obj
         cefclient.dir\Release\resource_util_win.obj
         cefclient.dir\Release\root_window_win.obj
         cefclient.dir\Release\temp_window_win.obj
         cefclient.dir\Release\util_win.obj
         cefclient.dir\Release\window_test_win.obj
     1>libcef_dll_wrapper.lib(cef_logging.obj) : error LNK2038: mismatch detected for 'RuntimeLibrary': value 'MD_DynamicRelease' doesn't match value 'MT_StaticRelease' in binding_test.obj
     1>libcef_dll_wrapper.lib(cookie_manager_ctocpp.obj) : error LNK2038: mismatch detected for 'RuntimeLibrary': value 'MD_DynamicRelease' doesn't match value 'MT_StaticRelease' in binding_test.obj
     1>libcef_dll_wrapper.lib(cef_ref_counted.obj) : error LNK2038: mismatch detected for 'RuntimeLibrary': value 'MD_DynamicRelease' doesn't match value 'MT_StaticRelease' in binding_test.obj
     1>libcef_dll_wrapper.lib(cef_callback_internal.obj) : error LNK2038: mismatch detected for 'RuntimeLibrary': value 'MD_DynamicRelease' doesn't match value 'MT_StaticRelease' in binding_test.obj
     1>libcef_dll_wrapper.lib(libcef_dll_wrapper.obj) : error LNK2038: mismatch detected for 'RuntimeLibrary': value 'MD_DynamicRelease' doesn't match value 'MT_StaticRelease' in binding_test.obj
     1>libcef_dll_wrapper.lib(cef_message_router.obj) : error LNK2038: mismatch detected for 'RuntimeLibrary': value 'MD_DynamicRelease' doesn't match value 'MT_StaticRelease' in binding_test.obj
     1>libcef_dll_wrapper.lib(cef_closure_task.obj) : error LNK2038: mismatch detected for 'RuntimeLibrary': value 'MD_DynamicRelease' doesn't match value 'MT_StaticRelease' in binding_test.obj
     1>libcef_dll_wrapper.lib(cef_resource_manager.obj) : error LNK2038: mismatch detected for 'RuntimeLibrary': value 'MD_DynamicRelease' doesn't match value 'MT_StaticRelease' in binding_test.obj
     1>libcef_dll_wrapper.lib(command_line_ctocpp.obj) : error LNK2038: mismatch detected for 'RuntimeLibrary': value 'MD_DynamicRelease' doesn't match value 'MT_StaticRelease' in binding_test.obj
     1>libcef_dll_wrapper.lib(request_context_ctocpp.obj) : error LNK2038: mismatch detected for 'RuntimeLibrary': value 'MD_DynamicRelease' doesn't match value 'MT_StaticRelease' in binding_test.obj
     1>libcef_dll_wrapper.lib(stream_reader_ctocpp.obj) : error LNK2038: mismatch detected for 'RuntimeLibrary': value 'MD_DynamicRelease' doesn't match value 'MT_StaticRelease' in binding_test.obj
     1>libcef_dll_wrapper.lib(request_ctocpp.obj) : error LNK2038: mismatch detected for 'RuntimeLibrary': value 'MD_DynamicRelease' doesn't match value 'MT_StaticRelease' in binding_test.obj
     1>libcef_dll_wrapper.lib(post_data_ctocpp.obj) : error LNK2038: mismatch detected for 'RuntimeLibrary': value 'MD_DynamicRelease' doesn't match value 'MT_StaticRelease' in binding_test.obj
     1>libcef_dll_wrapper.lib(post_data_element_ctocpp.obj) : error LNK2038: mismatch detected for 'RuntimeLibrary': value 'MD_DynamicRelease' doesn't match value 'MT_StaticRelease' in binding_test.obj
     1>libcef_dll_wrapper.lib(cef_stream_resource_handler.obj) : error LNK2038: mismatch detected for 'RuntimeLibrary': value 'MD_DynamicRelease' doesn't match value 'MT_StaticRelease' in binding_test.obj
     1>libcef_dll_wrapper.lib(urlrequest_ctocpp.obj) : error LNK2038: mismatch detected for 'RuntimeLibrary': value 'MD_DynamicRelease' doesn't match value 'MT_StaticRelease' in binding_test.obj
     1>libcef_dll_wrapper.lib(process_message_ctocpp.obj) : error LNK2038: mismatch detected for 'RuntimeLibrary': value 'MD_DynamicRelease' doesn't match value 'MT_StaticRelease' in binding_test.obj
     1>libcef_dll_wrapper.lib(v8value_ctocpp.obj) : error LNK2038: mismatch detected for 'RuntimeLibrary': value 'MD_DynamicRelease' doesn't match value 'MT_StaticRelease' in binding_test.obj
     1>libcef_dll_wrapper.lib(v8context_ctocpp.obj) : error LNK2038: mismatch detected for 'RuntimeLibrary': value 'MD_DynamicRelease' doesn't match value 'MT_StaticRelease' in binding_test.obj
     1>libcef_dll_wrapper.lib(browser_host_ctocpp.obj) : error LNK2038: mismatch detected for 'RuntimeLibrary': value 'MD_DynamicRelease' doesn't match value 'MT_StaticRelease' in binding_test.obj
     1>libcef_dll_wrapper.lib(stream_writer_ctocpp.obj) : error LNK2038: mismatch detected for 'RuntimeLibrary': value 'MD_DynamicRelease' doesn't match value 'MT_StaticRelease' in binding_test.obj
     1>libcef_dll_wrapper.lib(drag_data_ctocpp.obj) : error LNK2038: mismatch detected for 'RuntimeLibrary': value 'MD_DynamicRelease' doesn't match value 'MT_StaticRelease' in binding_test.obj
     1>libcef_dll_wrapper.lib(cef_byte_read_handler.obj) : error LNK2038: mismatch detected for 'RuntimeLibrary': value 'MD_DynamicRelease' doesn't match value 'MT_StaticRelease' in binding_test.obj
     1>libcef_dll_wrapper.lib(completion_callback_cpptoc.obj) : error LNK2038: mismatch detected for 'RuntimeLibrary': value 'MD_DynamicRelease' doesn't match value 'MT_StaticRelease' in binding_test.obj
     1>libcef_dll_wrapper.lib(cookie_visitor_cpptoc.obj) : error LNK2038: mismatch detected for 'RuntimeLibrary': value 'MD_DynamicRelease' doesn't match value 'MT_StaticRelease' in binding_test.obj
     1>libcef_dll_wrapper.lib(delete_cookies_callback_cpptoc.obj) : error LNK2038: mismatch detected for 'RuntimeLibrary': value 'MD_DynamicRelease' doesn't match value 'MT_StaticRelease' in binding_test.obj
     1>libcef_dll_wrapper.lib(set_cookie_callback_cpptoc.obj) : error LNK2038: mismatch detected for 'RuntimeLibrary': value 'MD_DynamicRelease' doesn't match value 'MT_StaticRelease' in binding_test.obj
     1>libcef_dll_wrapper.lib(transfer_util.obj) : error LNK2038: mismatch detected for 'RuntimeLibrary': value 'MD_DynamicRelease' doesn't match value 'MT_StaticRelease' in binding_test.obj
     1>libcef_dll_wrapper.lib(app_cpptoc.obj) : error LNK2038: mismatch detected for 'RuntimeLibrary': value 'MD_DynamicRelease' doesn't match value 'MT_StaticRelease' in binding_test.obj
     1>libcef_dll_wrapper.lib(end_tracing_callback_cpptoc.obj) : error LNK2038: mismatch detected for 'RuntimeLibrary': value 'MD_DynamicRelease' doesn't match value 'MT_StaticRelease' in binding_test.obj
     1>libcef_dll_wrapper.lib(get_geolocation_callback_cpptoc.obj) : error LNK2038: mismatch detected for 'RuntimeLibrary': value 'MD_DynamicRelease' doesn't match value 'MT_StaticRelease' in binding_test.obj
     1>libcef_dll_wrapper.lib(scheme_handler_factory_cpptoc.obj) : error LNK2038: mismatch detected for 'RuntimeLibrary': value 'MD_DynamicRelease' doesn't match value 'MT_StaticRelease' in binding_test.obj
     1>libcef_dll_wrapper.lib(task_cpptoc.obj) : error LNK2038: mismatch detected for 'RuntimeLibrary': value 'MD_DynamicRelease' doesn't match value 'MT_StaticRelease' in binding_test.obj
     1>libcef_dll_wrapper.lib(v8handler_cpptoc.obj) : error LNK2038: mismatch detected for 'RuntimeLibrary': value 'MD_DynamicRelease' doesn't match value 'MT_StaticRelease' in binding_test.obj
     1>libcef_dll_wrapper.lib(web_plugin_info_visitor_cpptoc.obj) : error LNK2038: mismatch detected for 'RuntimeLibrary': value 'MD_DynamicRelease' doesn't match value 'MT_StaticRelease' in binding_test.obj
     1>libcef_dll_wrapper.lib(web_plugin_unstable_callback_cpptoc.obj) : error LNK2038: mismatch detected for 'RuntimeLibrary': value 'MD_DynamicRelease' doesn't match value 'MT_StaticRelease' in binding_test.obj
     1>libcef_dll_wrapper.lib(binary_value_ctocpp.obj) : error LNK2038: mismatch detected for 'RuntimeLibrary': value 'MD_DynamicRelease' doesn't match value 'MT_StaticRelease' in binding_test.obj
     1>libcef_dll_wrapper.lib(value_ctocpp.obj) : error LNK2038: mismatch detected for 'RuntimeLibrary': value 'MD_DynamicRelease' doesn't match value 'MT_StaticRelease' in binding_test.obj
     1>libcef_dll_wrapper.lib(cef_weak_ptr.obj) : error LNK2038: mismatch detected for 'RuntimeLibrary': value 'MD_DynamicRelease' doesn't match value 'MT_StaticRelease' in binding_test.obj
     1>libcef_dll_wrapper.lib(cef_zip_archive.obj) : error LNK2038: mismatch detected for 'RuntimeLibrary': value 'MD_DynamicRelease' doesn't match value 'MT_StaticRelease' in binding_test.obj
     1>libcef_dll_wrapper.lib(request_context_handler_cpptoc.obj) : error LNK2038: mismatch detected for 'RuntimeLibrary': value 'MD_DynamicRelease' doesn't match value 'MT_StaticRelease' in binding_test.obj
     1>libcef_dll_wrapper.lib(read_handler_cpptoc.obj) : error LNK2038: mismatch detected for 'RuntimeLibrary': value 'MD_DynamicRelease' doesn't match value 'MT_StaticRelease' in binding_test.obj
     1>libcef_dll_wrapper.lib(urlrequest_client_cpptoc.obj) : error LNK2038: mismatch detected for 'RuntimeLibrary': value 'MD_DynamicRelease' doesn't match value 'MT_StaticRelease' in binding_test.obj
     1>libcef_dll_wrapper.lib(response_ctocpp.obj) : error LNK2038: mismatch detected for 'RuntimeLibrary': value 'MD_DynamicRelease' doesn't match value 'MT_StaticRelease' in binding_test.obj
     1>libcef_dll_wrapper.lib(list_value_ctocpp.obj) : error LNK2038: mismatch detected for 'RuntimeLibrary': value 'MD_DynamicRelease' doesn't match value 'MT_StaticRelease' in binding_test.obj
     1>libcef_dll_wrapper.lib(v8accessor_cpptoc.obj) : error LNK2038: mismatch detected for 'RuntimeLibrary': value 'MD_DynamicRelease' doesn't match value 'MT_StaticRelease' in binding_test.obj
     1>libcef_dll_wrapper.lib(v8exception_ctocpp.obj) : error LNK2038: mismatch detected for 'RuntimeLibrary': value 'MD_DynamicRelease' doesn't match value 'MT_StaticRelease' in binding_test.obj
     1>libcef_dll_wrapper.lib(browser_ctocpp.obj) : error LNK2038: mismatch detected for 'RuntimeLibrary': value 'MD_DynamicRelease' doesn't match value 'MT_StaticRelease' in binding_test.obj
     1>libcef_dll_wrapper.lib(frame_ctocpp.obj) : error LNK2038: mismatch detected for 'RuntimeLibrary': value 'MD_DynamicRelease' doesn't match value 'MT_StaticRelease' in binding_test.obj
     1>libcef_dll_wrapper.lib(task_runner_ctocpp.obj) : error LNK2038: mismatch detected for 'RuntimeLibrary': value 'MD_DynamicRelease' doesn't match value 'MT_StaticRelease' in binding_test.obj
     1>libcef_dll_wrapper.lib(client_cpptoc.obj) : error LNK2038: mismatch detected for 'RuntimeLibrary': value 'MD_DynamicRelease' doesn't match value 'MT_StaticRelease' in binding_test.obj
     1>libcef_dll_wrapper.lib(navigation_entry_visitor_cpptoc.obj) : error LNK2038: mismatch detected for 'RuntimeLibrary': value 'MD_DynamicRelease' doesn't match value 'MT_StaticRelease' in binding_test.obj
     1>libcef_dll_wrapper.lib(run_file_dialog_callback_cpptoc.obj) : error LNK2038: mismatch detected for 'RuntimeLibrary': value 'MD_DynamicRelease' doesn't match value 'MT_StaticRelease' in binding_test.obj
     1>libcef_dll_wrapper.lib(write_handler_cpptoc.obj) : error LNK2038: mismatch detected for 'RuntimeLibrary': value 'MD_DynamicRelease' doesn't match value 'MT_StaticRelease' in binding_test.obj
     1>libcef_dll_wrapper.lib(browser_process_handler_cpptoc.obj) : error LNK2038: mismatch detected for 'RuntimeLibrary': value 'MD_DynamicRelease' doesn't match value 'MT_StaticRelease' in binding_test.obj
     1>libcef_dll_wrapper.lib(render_process_handler_cpptoc.obj) : error LNK2038: mismatch detected for 'RuntimeLibrary': value 'MD_DynamicRelease' doesn't match value 'MT_StaticRelease' in binding_test.obj
     1>libcef_dll_wrapper.lib(resource_bundle_handler_cpptoc.obj) : error LNK2038: mismatch detected for 'RuntimeLibrary': value 'MD_DynamicRelease' doesn't match value 'MT_StaticRelease' in binding_test.obj
     1>libcef_dll_wrapper.lib(scheme_registrar_ctocpp.obj) : error LNK2038: mismatch detected for 'RuntimeLibrary': value 'MD_DynamicRelease' doesn't match value 'MT_StaticRelease' in binding_test.obj
     1>libcef_dll_wrapper.lib(resource_handler_cpptoc.obj) : error LNK2038: mismatch detected for 'RuntimeLibrary': value 'MD_DynamicRelease' doesn't match value 'MT_StaticRelease' in binding_test.obj
     1>libcef_dll_wrapper.lib(web_plugin_info_ctocpp.obj) : error LNK2038: mismatch detected for 'RuntimeLibrary': value 'MD_DynamicRelease' doesn't match value 'MT_StaticRelease' in binding_test.obj
     1>libcef_dll_wrapper.lib(dictionary_value_ctocpp.obj) : error LNK2038: mismatch detected for 'RuntimeLibrary': value 'MD_DynamicRelease' doesn't match value 'MT_StaticRelease' in binding_test.obj
     1>libcef_dll_wrapper.lib(zip_reader_ctocpp.obj) : error LNK2038: mismatch detected for 'RuntimeLibrary': value 'MD_DynamicRelease' doesn't match value 'MT_StaticRelease' in binding_test.obj
     1>libcef_dll_wrapper.lib(auth_callback_ctocpp.obj) : error LNK2038: mismatch detected for 'RuntimeLibrary': value 'MD_DynamicRelease' doesn't match value 'MT_StaticRelease' in binding_test.obj
     1>libcef_dll_wrapper.lib(domvisitor_cpptoc.obj) : error LNK2038: mismatch detected for 'RuntimeLibrary': value 'MD_DynamicRelease' doesn't match value 'MT_StaticRelease' in binding_test.obj
     1>libcef_dll_wrapper.lib(string_visitor_cpptoc.obj) : error LNK2038: mismatch detected for 'RuntimeLibrary': value 'MD_DynamicRelease' doesn't match value 'MT_StaticRelease' in binding_test.obj
     1>libcef_dll_wrapper.lib(context_menu_handler_cpptoc.obj) : error LNK2038: mismatch detected for 'RuntimeLibrary': value 'MD_DynamicRelease' doesn't match value 'MT_StaticRelease' in binding_test.obj
     1>libcef_dll_wrapper.lib(dialog_handler_cpptoc.obj) : error LNK2038: mismatch detected for 'RuntimeLibrary': value 'MD_DynamicRelease' doesn't match value 'MT_StaticRelease' in binding_test.obj
     1>libcef_dll_wrapper.lib(display_handler_cpptoc.obj) : error LNK2038: mismatch detected for 'RuntimeLibrary': value 'MD_DynamicRelease' doesn't match value 'MT_StaticRelease' in binding_test.obj
     1>libcef_dll_wrapper.lib(download_handler_cpptoc.obj) : error LNK2038: mismatch detected for 'RuntimeLibrary': value 'MD_DynamicRelease' doesn't match value 'MT_StaticRelease' in binding_test.obj
     1>libcef_dll_wrapper.lib(drag_handler_cpptoc.obj) : error LNK2038: mismatch detected for 'RuntimeLibrary': value 'MD_DynamicRelease' doesn't match value 'MT_StaticRelease' in binding_test.obj
     1>libcef_dll_wrapper.lib(find_handler_cpptoc.obj) : error LNK2038: mismatch detected for 'RuntimeLibrary': value 'MD_DynamicRelease' doesn't match value 'MT_StaticRelease' in binding_test.obj
     1>libcef_dll_wrapper.lib(focus_handler_cpptoc.obj) : error LNK2038: mismatch detected for 'RuntimeLibrary': value 'MD_DynamicRelease' doesn't match value 'MT_StaticRelease' in binding_test.obj
     1>libcef_dll_wrapper.lib(geolocation_handler_cpptoc.obj) : error LNK2038: mismatch detected for 'RuntimeLibrary': value 'MD_DynamicRelease' doesn't match value 'MT_StaticRelease' in binding_test.obj
     1>libcef_dll_wrapper.lib(jsdialog_handler_cpptoc.obj) : error LNK2038: mismatch detected for 'RuntimeLibrary': value 'MD_DynamicRelease' doesn't match value 'MT_StaticRelease' in binding_test.obj
     1>libcef_dll_wrapper.lib(keyboard_handler_cpptoc.obj) : error LNK2038: mismatch detected for 'RuntimeLibrary': value 'MD_DynamicRelease' doesn't match value 'MT_StaticRelease' in binding_test.obj
     1>libcef_dll_wrapper.lib(life_span_handler_cpptoc.obj) : error LNK2038: mismatch detected for 'RuntimeLibrary': value 'MD_DynamicRelease' doesn't match value 'MT_StaticRelease' in binding_test.obj
     1>libcef_dll_wrapper.lib(load_handler_cpptoc.obj) : error LNK2038: mismatch detected for 'RuntimeLibrary': value 'MD_DynamicRelease' doesn't match value 'MT_StaticRelease' in binding_test.obj
     1>libcef_dll_wrapper.lib(render_handler_cpptoc.obj) : error LNK2038: mismatch detected for 'RuntimeLibrary': value 'MD_DynamicRelease' doesn't match value 'MT_StaticRelease' in binding_test.obj
     1>libcef_dll_wrapper.lib(request_handler_cpptoc.obj) : error LNK2038: mismatch detected for 'RuntimeLibrary': value 'MD_DynamicRelease' doesn't match value 'MT_StaticRelease' in binding_test.obj
     1>libcef_dll_wrapper.lib(navigation_entry_ctocpp.obj) : error LNK2038: mismatch detected for 'RuntimeLibrary': value 'MD_DynamicRelease' doesn't match value 'MT_StaticRelease' in binding_test.obj
     1>libcef_dll_wrapper.lib(print_handler_cpptoc.obj) : error LNK2038: mismatch detected for 'RuntimeLibrary': value 'MD_DynamicRelease' doesn't match value 'MT_StaticRelease' in binding_test.obj
     1>libcef_dll_wrapper.lib(domnode_ctocpp.obj) : error LNK2038: mismatch detected for 'RuntimeLibrary': value 'MD_DynamicRelease' doesn't match value 'MT_StaticRelease' in binding_test.obj
     1>libcef_dll_wrapper.lib(v8stack_trace_ctocpp.obj) : error LNK2038: mismatch detected for 'RuntimeLibrary': value 'MD_DynamicRelease' doesn't match value 'MT_StaticRelease' in binding_test.obj
     1>libcef_dll_wrapper.lib(callback_ctocpp.obj) : error LNK2038: mismatch detected for 'RuntimeLibrary': value 'MD_DynamicRelease' doesn't match value 'MT_StaticRelease' in binding_test.obj
     1>libcef_dll_wrapper.lib(domdocument_ctocpp.obj) : error LNK2038: mismatch detected for 'RuntimeLibrary': value 'MD_DynamicRelease' doesn't match value 'MT_StaticRelease' in binding_test.obj
     1>libcef_dll_wrapper.lib(context_menu_params_ctocpp.obj) : error LNK2038: mismatch detected for 'RuntimeLibrary': value 'MD_DynamicRelease' doesn't match value 'MT_StaticRelease' in binding_test.obj
     1>libcef_dll_wrapper.lib(menu_model_ctocpp.obj) : error LNK2038: mismatch detected for 'RuntimeLibrary': value 'MD_DynamicRelease' doesn't match value 'MT_StaticRelease' in binding_test.obj
     1>libcef_dll_wrapper.lib(file_dialog_callback_ctocpp.obj) : error LNK2038: mismatch detected for 'RuntimeLibrary': value 'MD_DynamicRelease' doesn't match value 'MT_StaticRelease' in binding_test.obj
     1>libcef_dll_wrapper.lib(before_download_callback_ctocpp.obj) : error LNK2038: mismatch detected for 'RuntimeLibrary': value 'MD_DynamicRelease' doesn't match value 'MT_StaticRelease' in binding_test.obj
     1>libcef_dll_wrapper.lib(download_item_ctocpp.obj) : error LNK2038: mismatch detected for 'RuntimeLibrary': value 'MD_DynamicRelease' doesn't match value 'MT_StaticRelease' in binding_test.obj
     1>libcef_dll_wrapper.lib(download_item_callback_ctocpp.obj) : error LNK2038: mismatch detected for 'RuntimeLibrary': value 'MD_DynamicRelease' doesn't match value 'MT_StaticRelease' in binding_test.obj
     1>libcef_dll_wrapper.lib(geolocation_callback_ctocpp.obj) : error LNK2038: mismatch detected for 'RuntimeLibrary': value 'MD_DynamicRelease' doesn't match value 'MT_StaticRelease' in binding_test.obj
     1>libcef_dll_wrapper.lib(jsdialog_callback_ctocpp.obj) : error LNK2038: mismatch detected for 'RuntimeLibrary': value 'MD_DynamicRelease' doesn't match value 'MT_StaticRelease' in binding_test.obj
     1>libcef_dll_wrapper.lib(request_callback_ctocpp.obj) : error LNK2038: mismatch detected for 'RuntimeLibrary': value 'MD_DynamicRelease' doesn't match value 'MT_StaticRelease' in binding_test.obj
     1>libcef_dll_wrapper.lib(sslinfo_ctocpp.obj) : error LNK2038: mismatch detected for 'RuntimeLibrary': value 'MD_DynamicRelease' doesn't match value 'MT_StaticRelease' in binding_test.obj
     1>libcef_dll_wrapper.lib(print_dialog_callback_ctocpp.obj) : error LNK2038: mismatch detected for 'RuntimeLibrary': value 'MD_DynamicRelease' doesn't match value 'MT_StaticRelease' in binding_test.obj
     1>libcef_dll_wrapper.lib(print_job_callback_ctocpp.obj) : error LNK2038: mismatch detected for 'RuntimeLibrary': value 'MD_DynamicRelease' doesn't match value 'MT_StaticRelease' in binding_test.obj
     1>libcef_dll_wrapper.lib(print_settings_ctocpp.obj) : error LNK2038: mismatch detected for 'RuntimeLibrary': value 'MD_DynamicRelease' doesn't match value 'MT_StaticRelease' in binding_test.obj
     1>libcef_dll_wrapper.lib(v8stack_frame_ctocpp.obj) : error LNK2038: mismatch detected for 'RuntimeLibrary': value 'MD_DynamicRelease' doesn't match value 'MT_StaticRelease' in binding_test.obj
     1>libcef_dll_wrapper.lib(sslcert_principal_ctocpp.obj) : error LNK2038: mismatch detected for 'RuntimeLibrary': value 'MD_DynamicRelease' doesn't match value 'MT_StaticRelease' in binding_test.obj
     1>MSVCRT.lib(MSVCR120.dll) : error LNK2005: __hypot already defined in LIBCMT.lib(hypot.obj)
     1>MSVCRT.lib(MSVCR120.dll) : error LNK2005: _memmove already defined in LIBCMT.lib(memmove.obj)
     1>MSVCRT.lib(MSVCR120.dll) : error LNK2005: _isspace already defined in LIBCMT.lib(_ctype.obj)
     1>MSVCRT.lib(MSVCR120.dll) : error LNK2005: _abort already defined in LIBCMT.lib(abort.obj)
     1>MSVCRT.lib(MSVCR120.dll) : error LNK2005: _memchr already defined in LIBCMT.lib(memchr.obj)
     1>MSVCRT.lib(MSVCR120.dll) : error LNK2005: _towlower already defined in LIBCMT.lib(towlower.obj)
     1>MSVCRT.lib(ti_inst.obj) : error LNK2005: "private: __thiscall type_info::type_info(class type_info const &)" (??0type_info@@AAE@ABV0@@Z) already defined in LIBCMT.lib(typinfo.obj)
     1>MSVCRT.lib(ti_inst.obj) : error LNK2005: "private: class type_info & __thiscall type_info::operator=(class type_info const &)" (??4type_info@@AAEAAV0@ABV0@@Z) already defined in LIBCMT.lib(typinfo.obj)
     1>msvcprt.lib(MSVCP120.dll) : error LNK2005: "void __cdecl std::_Xbad_alloc(void)" (?_Xbad_alloc@std@@YAXXZ) already defined in libcpmt.lib(xthrow.obj)
     1>msvcprt.lib(MSVCP120.dll) : error LNK2005: "void __cdecl std::_Xlength_error(char const *)" (?_Xlength_error@std@@YAXPBD@Z) already defined in libcpmt.lib(xthrow.obj)
     1>msvcprt.lib(MSVCP120.dll) : error LNK2005: "void __cdecl std::_Xout_of_range(char const *)" (?_Xout_of_range@std@@YAXPBD@Z) already defined in libcpmt.lib(xthrow.obj)
     1>msvcprt.lib(MSVCP120.dll) : error LNK2005: "char const * __cdecl std::_Syserror_map(int)" (?_Syserror_map@std@@YAPBDH@Z) already defined in libcpmt.lib(syserror.obj)
     1>msvcprt.lib(MSVCP120.dll) : error LNK2005: "char const * __cdecl std::_Winerror_map(int)" (?_Winerror_map@std@@YAPBDH@Z) already defined in libcpmt.lib(syserror.obj)
     1>msvcprt.lib(MSVCP120.dll) : error LNK2005: "private: static void __cdecl std::ios_base::_Ios_base_dtor(class std::ios_base *)" (?_Ios_base_dtor@ios_base@std@@CAXPAV12@@Z) already defined in libcpmt.lib(ios.obj)
     1>msvcprt.lib(MSVCP120.dll) : error LNK2005: "protected: __thiscall std::basic_streambuf<char,struct std::char_traits<char> >::basic_streambuf<char,struct std::char_traits<char> >(void)" (??0?$basic_streambuf@DU?$char_traits@D@std@@@std@@IAE@XZ) already defined in browser_window.obj
     1>msvcprt.lib(MSVCP120.dll) : error LNK2005: "public: virtual __thiscall std::basic_streambuf<char,struct std::char_traits<char> >::~basic_streambuf<char,struct std::char_traits<char> >(void)" (??1?$basic_streambuf@DU?$char_traits@D@std@@@std@@UAE@XZ) already defined in browser_window.obj
     1>msvcprt.lib(MSVCP120.dll) : error LNK2005: "public: int __thiscall std::basic_streambuf<char,struct std::char_traits<char> >::sputc(char)" (?sputc@?$basic_streambuf@DU?$char_traits@D@std@@@std@@QAEHD@Z) already defined in browser_window.obj
     1>msvcprt.lib(MSVCP120.dll) : error LNK2005: "public: __int64 __thiscall std::basic_streambuf<char,struct std::char_traits<char> >::sputn(char const *,__int64)" (?sputn@?$basic_streambuf@DU?$char_traits@D@std@@@std@@QAE_JPBD_J@Z) already defined in browser_window.obj
     1>msvcprt.lib(MSVCP120.dll) : error LNK2005: "protected: char * __thiscall std::basic_streambuf<char,struct std::char_traits<char> >::_Pninc(void)" (?_Pninc@?$basic_streambuf@DU?$char_traits@D@std@@@std@@IAEPADXZ) already defined in browser_window.obj
     1>msvcprt.lib(MSVCP120.dll) : error LNK2005: "public: virtual __thiscall std::basic_ios<char,struct std::char_traits<char> >::~basic_ios<char,struct std::char_traits<char> >(void)" (??1?$basic_ios@DU?$char_traits@D@std@@@std@@UAE@XZ) already defined in browser_window.obj
     1>msvcprt.lib(MSVCP120.dll) : error LNK2005: "public: void __thiscall std::basic_ios<char,struct std::char_traits<char> >::setstate(int,bool)" (?setstate@?$basic_ios@DU?$char_traits@D@std@@@std@@QAEXH_N@Z) already defined in browser_window.obj
     1>msvcprt.lib(MSVCP120.dll) : error LNK2005: "public: char __thiscall std::basic_ios<char,struct std::char_traits<char> >::widen(char)const " (?widen@?$basic_ios@DU?$char_traits@D@std@@@std@@QBEDD@Z) already defined in browser_window.obj
     1>msvcprt.lib(MSVCP120.dll) : error LNK2005: "protected: __thiscall std::basic_ios<char,struct std::char_traits<char> >::basic_ios<char,struct std::char_traits<char> >(void)" (??0?$basic_ios@DU?$char_traits@D@std@@@std@@IAE@XZ) already defined in browser_window.obj
     1>msvcprt.lib(MSVCP120.dll) : error LNK2005: "public: __thiscall std::basic_ostream<char,struct std::char_traits<char> >::basic_ostream<char,struct std::char_traits<char> >(class std::basic_streambuf<char,struct std::char_traits<char> > *,bool)" (??0?$basic_ostream@DU?$char_traits@D@std@@@std@@QAE@PAV?$basic_streambuf@DU?$char_traits@D@std@@@1@_N@Z) already defined in browser_window.obj
     1>msvcprt.lib(MSVCP120.dll) : error LNK2005: "public: virtual __thiscall std::basic_ostream<char,struct std::char_traits<char> >::~basic_ostream<char,struct std::char_traits<char> >(void)" (??1?$basic_ostream@DU?$char_traits@D@std@@@std@@UAE@XZ) already defined in browser_window.obj
     1>msvcprt.lib(MSVCP120.dll) : error LNK2005: "public: void __thiscall std::basic_ostream<char,struct std::char_traits<char> >::_Osfx(void)" (?_Osfx@?$basic_ostream@DU?$char_traits@D@std@@@std@@QAEXXZ) already defined in browser_window.obj
     1>msvcprt.lib(MSVCP120.dll) : error LNK2005: "public: class std::basic_ostream<char,struct std::char_traits<char> > & __thiscall std::basic_ostream<char,struct std::char_traits<char> >::operator<<(unsigned long)" (??6?$basic_ostream@DU?$char_traits@D@std@@@std@@QAEAAV01@K@Z) already defined in cef_sandbox.lib(base.logging.obj)
     1>msvcprt.lib(MSVCP120.dll) : error LNK2005: "public: class std::basic_ostream<char,struct std::char_traits<char> > & __thiscall std::basic_ostream<char,struct std::char_traits<char> >::put(char)" (?put@?$basic_ostream@DU?$char_traits@D@std@@@std@@QAEAAV12@D@Z) already defined in cef_sandbox.lib(base.logging.obj)
     1>msvcprt.lib(MSVCP120.dll) : error LNK2005: "public: class std::basic_ostream<char,struct std::char_traits<char> > & __thiscall std::basic_ostream<char,struct std::char_traits<char> >::flush(void)" (?flush@?$basic_ostream@DU?$char_traits@D@std@@@std@@QAEAAV12@XZ) already defined in browser_window.obj
     1>msvcprt.lib(MSVCP120.dll) : error LNK2005: "public: __thiscall std::basic_iostream<char,struct std::char_traits<char> >::basic_iostream<char,struct std::char_traits<char> >(class std::basic_streambuf<char,struct std::char_traits<char> > *)" (??0?$basic_iostream@DU?$char_traits@D@std@@@std@@QAE@PAV?$basic_streambuf@DU?$char_traits@D@std@@@1@@Z) already defined in client_handler.obj
     1>msvcprt.lib(MSVCP120.dll) : error LNK2005: "public: virtual __thiscall std::basic_iostream<char,struct std::char_traits<char> >::~basic_iostream<char,struct std::char_traits<char> >(void)" (??1?$basic_iostream@DU?$char_traits@D@std@@@std@@UAE@XZ) already defined in client_handler.obj
     1>msvcprt.lib(MSVCP120.dll) : error LNK2005: "public: class std::basic_ostream<char,struct std::char_traits<char> > & __thiscall std::basic_ostream<char,struct std::char_traits<char> >::operator<<(int)" (??6?$basic_ostream@DU?$char_traits@D@std@@@std@@QAEAAV01@H@Z) already defined in browser_window.obj
     1>msvcprt.lib(MSVCP120.dll) : error LNK2005: "public: class std::basic_ostream<char,struct std::char_traits<char> > & __thiscall std::basic_ostream<char,struct std::char_traits<char> >::operator<<(unsigned int)" (??6?$basic_ostream@DU?$char_traits@D@std@@@std@@QAEAAV01@I@Z) already defined in bytes_write_handler.obj
            Creating library C:/work/3p-llceflib/cef_2357_WIN_32/build/cefclient/Release/cefclient.lib and object C:/work/3p-llceflib/cef_2357_WIN_32/build/cefclient/Release/cefclient.exp
     1>LINK : warning LNK4098: defaultlib 'MSVCRT' conflicts with use of other libs; use /NODEFAULTLIB:library
     1>C:\work\3p-llceflib\cef_2357_WIN_32\build\cefclient\Release\cefclient.exe : fatal error LNK1169: one or more multiply defined symbols found
     1>Done Building Project "C:\work\3p-llceflib\cef_2357_WIN_32\build\cefclient\cefclient.vcxproj" (Rebuild target(s)) -- FAILED.

Build FAILED.

Time Elapsed 00:00:10.84
